2025-07-06 15:54:57,884 - INFO - Loading files: ['data/sales_jan.csv', 'data/sales_feb.csv', 'data/sales_mar.csv']
2025-07-06 15:54:57,906 - INFO - data/sales_jan.csv: 48 rows loaded
2025-07-06 15:54:57,913 - INFO - data/sales_feb.csv: 43 rows loaded
2025-07-06 15:54:57,920 - INFO - data/sales_mar.csv: 43 rows loaded
2025-07-06 15:54:57,920 - INFO - Total rows after concat: 134
2025-07-06 15:54:57,920 - INFO - Cleaning data
2025-07-06 15:54:57,922 - INFO - Rows before clean: 134, after clean: 102
2025-07-06 15:54:57,922 - INFO - Saving data to DB at output/sales_data.db
2025-07-06 15:54:58,021 - INFO - Data saved and index created
2025-07-06 15:54:58,023 - INFO - Summary query completed
2025-07-06 15:54:58,040 - INFO - Summary exported to output/sales_summary.csv
2025-07-06 15:55:38,291 - INFO - Loading files: ['data/sales_jan.csv', 'data/sales_feb.csv', 'data/sales_mar.csv']
2025-07-06 15:55:38,295 - INFO - data/sales_jan.csv: 48 rows loaded
2025-07-06 15:55:38,296 - INFO - data/sales_feb.csv: 43 rows loaded
2025-07-06 15:55:38,297 - INFO - data/sales_mar.csv: 43 rows loaded
2025-07-06 15:55:38,297 - INFO - Total rows after concat: 134
2025-07-06 15:55:38,298 - INFO - Cleaning data
2025-07-06 15:55:38,299 - INFO - Rows before clean: 134, after clean: 102
2025-07-06 15:55:38,300 - INFO - Saving data to DB at output/sales_data.db
2025-07-06 15:55:38,339 - INFO - Data saved and index created
2025-07-06 15:55:38,340 - INFO - Summary query completed
2025-07-06 15:55:38,345 - INFO - Summary exported to output/sales_summary.csv
